[2025-04-25 14:16:08 +0000] [698097] [INFO] Starting gunicorn 23.0.0
[2025-04-25 14:16:08 +0000] [698097] [INFO] Listening at: http://127.0.0.1:8001 (698097)
[2025-04-25 14:16:08 +0000] [698097] [INFO] Using worker: gthread
[2025-04-25 14:16:08 +0000] [698111] [INFO] Booting worker with pid: 698111
[2025-04-25 14:16:08 +0000] [698112] [INFO] Booting worker with pid: 698112
[2025-04-25 14:17:00 +0000] [698097] [INFO] Handling signal: term
[2025-04-25 14:17:01 +0000] [698112] [INFO] Worker exiting (pid: 698112)
[2025-04-25 14:17:01 +0000] [698111] [INFO] Worker exiting (pid: 698111)
[2025-04-25 14:17:01 +0000] [698097] [INFO] Shutting down: Master
[2025-04-25 14:17:01 +0000] [698420] [INFO] Starting gunicorn 23.0.0
[2025-04-25 14:17:01 +0000] [698420] [INFO] Listening at: http://127.0.0.1:8001 (698420)
[2025-04-25 14:17:01 +0000] [698420] [INFO] Using worker: gthread
[2025-04-25 14:17:02 +0000] [698427] [INFO] Booting worker with pid: 698427
[2025-04-25 14:17:02 +0000] [698428] [INFO] Booting worker with pid: 698428
[2025-04-25 14:18:03 +0000] [698420] [INFO] Handling signal: term
[2025-04-25 14:18:03 +0000] [698428] [INFO] Worker exiting (pid: 698428)
[2025-04-25 14:18:03 +0000] [698427] [INFO] Worker exiting (pid: 698427)
[2025-04-25 14:18:04 +0000] [698420] [INFO] Shutting down: Master
[2025-04-25 14:18:04 +0000] [698779] [INFO] Starting gunicorn 23.0.0
[2025-04-25 14:18:04 +0000] [698779] [INFO] Listening at: http://127.0.0.1:8001 (698779)
[2025-04-25 14:18:04 +0000] [698779] [INFO] Using worker: gthread
[2025-04-25 14:18:04 +0000] [698804] [INFO] Booting worker with pid: 698804
[2025-04-25 14:18:04 +0000] [698805] [INFO] Booting worker with pid: 698805
[2025-04-25 14:20:07 +0000] [698779] [INFO] Handling signal: term
[2025-04-25 14:20:08 +0000] [698804] [INFO] Worker exiting (pid: 698804)
[2025-04-25 14:20:08 +0000] [698805] [INFO] Worker exiting (pid: 698805)
[2025-04-25 14:20:09 +0000] [698779] [INFO] Shutting down: Master
[2025-04-25 14:20:09 +0000] [699282] [INFO] Starting gunicorn 23.0.0
[2025-04-25 14:20:09 +0000] [699282] [INFO] Listening at: http://127.0.0.1:8001 (699282)
[2025-04-25 14:20:09 +0000] [699282] [INFO] Using worker: gthread
[2025-04-25 14:20:09 +0000] [699305] [INFO] Booting worker with pid: 699305
[2025-04-25 14:20:09 +0000] [699306] [INFO] Booting worker with pid: 699306
[2025-04-25 14:23:33 +0000] [699282] [INFO] Handling signal: term
[2025-04-25 14:23:33 +0000] [699306] [INFO] Worker exiting (pid: 699306)
[2025-04-25 14:23:33 +0000] [699305] [INFO] Worker exiting (pid: 699305)
[2025-04-25 14:23:34 +0000] [699282] [INFO] Shutting down: Master
[2025-04-25 14:23:34 +0000] [700161] [INFO] Starting gunicorn 23.0.0
[2025-04-25 14:23:34 +0000] [700161] [INFO] Listening at: http://127.0.0.1:8001 (700161)
[2025-04-25 14:23:34 +0000] [700161] [INFO] Using worker: gthread
[2025-04-25 14:23:34 +0000] [700182] [INFO] Booting worker with pid: 700182
[2025-04-25 14:23:34 +0000] [700183] [INFO] Booting worker with pid: 700183
[2025-04-25 14:25:12 +0000] [700161] [INFO] Handling signal: term
[2025-04-25 14:25:12 +0000] [700182] [INFO] Worker exiting (pid: 700182)
[2025-04-25 14:25:12 +0000] [700183] [INFO] Worker exiting (pid: 700183)
[2025-04-25 14:25:12 +0000] [700161] [INFO] Shutting down: Master
[2025-04-25 14:26:42 +0000] [701426] [INFO] Starting gunicorn 23.0.0
[2025-04-25 14:26:42 +0000] [701426] [INFO] Listening at: http://127.0.0.1:8001 (701426)
[2025-04-25 14:26:42 +0000] [701426] [INFO] Using worker: gthread
[2025-04-25 14:26:42 +0000] [701436] [INFO] Booting worker with pid: 701436
[2025-04-25 14:26:42 +0000] [701441] [INFO] Booting worker with pid: 701441
DEBUG:matplotlib.pyplot:Loaded backend agg version v2.2.
DEBUG:h5py._conv:Creating converter from 3 to 5
DEBUG:matplotlib.pyplot:Loaded backend agg version v2.2.
DEBUG:h5py._conv:Creating converter from 3 to 5
loading...
Internal Server Error: /mb-granuloma/dataview1/api/plot_gene_image/
ERROR:django.request:Internal Server Error: /mb-granuloma/dataview1/api/plot_gene_image/
loading...
Internal Server Error: /mb-granuloma/dataview1/api/plot_gene_image/
ERROR:django.request:Internal Server Error: /mb-granuloma/dataview1/api/plot_gene_image/
[2025-04-25 14:27:34 +0000] [701426] [INFO] Handling signal: term
[2025-04-25 14:27:34 +0000] [701436] [INFO] Worker exiting (pid: 701436)
[2025-04-25 14:27:34 +0000] [701441] [INFO] Worker exiting (pid: 701441)
[2025-04-25 14:27:35 +0000] [701426] [INFO] Shutting down: Master
[2025-04-25 14:27:35 +0000] [701665] [INFO] Starting gunicorn 23.0.0
[2025-04-25 14:27:35 +0000] [701665] [INFO] Listening at: http://127.0.0.1:8001 (701665)
[2025-04-25 14:27:35 +0000] [701665] [INFO] Using worker: gthread
[2025-04-25 14:27:35 +0000] [701687] [INFO] Booting worker with pid: 701687
[2025-04-25 14:27:35 +0000] [701689] [INFO] Booting worker with pid: 701689
DEBUG:matplotlib.pyplot:Loaded backend agg version v2.2.
DEBUG:h5py._conv:Creating converter from 3 to 5
DEBUG:matplotlib.pyplot:Loaded backend agg version v2.2.
DEBUG:h5py._conv:Creating converter from 3 to 5
loading...
CRITICAL:root:ajkdahj
CRITICAL:root:jadsklfjsd
loading...
CRITICAL:root:ajkdahj
DEBUG:matplotlib.font_manager:findfont: Matching sans\-serif:style=normal:variant=normal:weight=normal:stretch=normal:size=14.0.
DEBUG:matplotlib.font_manager:findfont: score(FontEntry(fname='/opt/biimtools/mb_granuloma/venv/lib/python3.8/site-packages/matplotlib/mpl-data/fonts/ttf/cmtt10.ttf', name='cmtt10', style='normal', variant='normal', weight=400, stretch='normal', size='scalable')) = 10.05
DEBUG:matplotlib.font_manager:findfont: score(FontEntry(fname='/opt/biimtools/mb_granuloma/venv/lib/python3.8/site-packages/matplotlib/mpl-data/fonts/ttf/STIXGeneralItalic.ttf', name='STIXGeneral', style='italic', variant='normal', weight=400, stretch='normal', size='scalable')) = 11.05
DEBUG:matplotlib.font_manager:findfont: score(FontEntry(fname='/opt/biimtools/mb_granuloma/venv/lib/python3.8/site-packages/matplotlib/mpl-data/fonts/ttf/DejaVuSans.ttf', name='DejaVu Sans', style='normal', variant='normal', weight=400, stretch='normal', size='scalable')) = 4.05
DEBUG:matplotlib.font_manager:findfont: score(FontEntry(fname='/opt/biimtools/mb_granuloma/venv/lib/python3.8/site-packages/matplotlib/mpl-data/fonts/ttf/DejaVuSans-Bold.ttf', name='DejaVu Sans', style='normal', variant='normal', weight=700, stretch='normal', size='scalable')) = 4.335
DEBUG:matplotlib.font_manager:findfont: score(FontEntry(fname='/opt/biimtools/mb_granuloma/venv/lib/python3.8/site-packages/matplotlib/mpl-data/fonts/ttf/STIXNonUniBol.ttf', name='STIXNonUnicode', style='normal', variant='normal', weight=700, stretch='normal', size='scalable')) = 10.335
DEBUG:matplotlib.font_manager:findfont: score(FontEntry(fname='/opt/biimtools/mb_granuloma/venv/lib/python3.8/site-packages/matplotlib/mpl-data/fonts/ttf/DejaVuSansDisplay.ttf', name='DejaVu Sans Display', style='normal', variant='normal', weight=400, stretch='normal', size='scalable')) = 10.05
DEBUG:matplotlib.font_manager:findfont: score(FontEntry(fname='/opt/biimtools/mb_granuloma/venv/lib/python3.8/site-packages/matplotlib/mpl-data/fonts/ttf/STIXSizTwoSymReg.ttf', name='STIXSizeTwoSym', style='normal', variant='normal', weight=400, stretch='normal', size='scalable')) = 10.05
DEBUG:matplotlib.font_manager:findfont: score(FontEntry(fname='/opt/biimtools/mb_granuloma/venv/lib/python3.8/site-packages/matplotlib/mpl-data/fonts/ttf/STIXNonUni.ttf', name='STIXNonUnicode', style='normal', variant='normal', weight=400, stretch='normal', size='scalable')) = 10.05
DEBUG:matplotlib.font_manager:findfont: score(FontEntry(fname='/opt/biimtools/mb_granuloma/venv/lib/python3.8/site-packages/matplotlib/mpl-data/fonts/ttf/cmb10.ttf', name='cmb10', style='normal', variant='normal', weight=400, stretch='normal', size='scalable')) = 10.05
DEBUG:matplotlib.font_manager:findfont: score(FontEntry(fname='/opt/biimtools/mb_granuloma/venv/lib/python3.8/site-packages/matplotlib/mpl-data/fonts/ttf/DejaVuSans-BoldOblique.ttf', name='DejaVu Sans', style='oblique', variant='normal', weight=700, stretch='normal', size='scalable')) = 5.335
DEBUG:matplotlib.font_manager:findfont: score(FontEntry(fname='/opt/biimtools/mb_granuloma/venv/lib/python3.8/site-packages/matplotlib/mpl-data/fonts/ttf/STIXSizFiveSymReg.ttf', name='STIXSizeFiveSym', style='normal', variant='normal', weight=400, stretch='normal', size='scalable')) = 10.05
DEBUG:matplotlib.font_manager:findfont: score(FontEntry(fname='/opt/biimtools/mb_granuloma/venv/lib/python3.8/site-packages/matplotlib/mpl-data/fonts/ttf/STIXSizOneSymBol.ttf', name='STIXSizeOneSym', style='normal', variant='normal', weight=700, stretch='normal', size='scalable')) = 10.335
DEBUG:matplotlib.font_manager:findfont: score(FontEntry(fname='/opt/biimtools/mb_granuloma/venv/lib/python3.8/site-packages/matplotlib/mpl-data/fonts/ttf/STIXSizTwoSymBol.ttf', name='STIXSizeTwoSym', style='normal', variant='normal', weight=700, stretch='normal', size='scalable')) = 10.335
DEBUG:matplotlib.font_manager:findfont: score(FontEntry(fname='/opt/biimtools/mb_granuloma/venv/lib/python3.8/site-packages/matplotlib/mpl-data/fonts/ttf/STIXSizThreeSymReg.ttf', name='STIXSizeThreeSym', style='normal', variant='normal', weight=400, stretch='normal', size='scalable')) = 10.05
DEBUG:matplotlib.font_manager:findfont: score(FontEntry(fname='/opt/biimtools/mb_granuloma/venv/lib/python3.8/site-packages/matplotlib/mpl-data/fonts/ttf/DejaVuSerifDisplay.ttf', name='DejaVu Serif Display', style='normal', variant='normal', weight=400, stretch='normal', size='scalable')) = 10.05
DEBUG:matplotlib.font_manager:findfont: score(FontEntry(fname='/opt/biimtools/mb_granuloma/venv/lib/python3.8/site-packages/matplotlib/mpl-data/fonts/ttf/DejaVuSerif-Italic.ttf', name='DejaVu Serif', style='italic', variant='normal', weight=400, stretch='normal', size='scalable')) = 11.05
DEBUG:matplotlib.font_manager:findfont: score(FontEntry(fname='/opt/biimtools/mb_granuloma/venv/lib/python3.8/site-packages/matplotlib/mpl-data/fonts/ttf/STIXGeneral.ttf', name='STIXGeneral', style='normal', variant='normal', weight=400, stretch='normal', size='scalable')) = 10.05
DEBUG:matplotlib.font_manager:findfont: score(FontEntry(fname='/opt/biimtools/mb_granuloma/venv/lib/python3.8/site-packages/matplotlib/mpl-data/fonts/ttf/cmmi10.ttf', name='cmmi10', style='normal', variant='normal', weight=400, stretch='normal', size='scalable')) = 10.05
DEBUG:matplotlib.font_manager:findfont: score(FontEntry(fname='/opt/biimtools/mb_granuloma/venv/lib/python3.8/site-packages/matplotlib/mpl-data/fonts/ttf/STIXGeneralBol.ttf', name='STIXGeneral', style='normal', variant='normal', weight=700, stretch='normal', size='scalable')) = 10.335
DEBUG:matplotlib.font_manager:findfont: score(FontEntry(fname='/opt/biimtools/mb_granuloma/venv/lib/python3.8/site-packages/matplotlib/mpl-data/fonts/ttf/cmr10.ttf', name='cmr10', style='normal', variant='normal', weight=400, stretch='normal', size='scalable')) = 10.05
DEBUG:matplotlib.font_manager:findfont: score(FontEntry(fname='/opt/biimtools/mb_granuloma/venv/lib/python3.8/site-packages/matplotlib/mpl-data/fonts/ttf/DejaVuSansMono-BoldOblique.ttf', name='DejaVu Sans Mono', style='oblique', variant='normal', weight=700, stretch='normal', size='scalable')) = 11.335
DEBUG:matplotlib.font_manager:findfont: score(FontEntry(fname='/opt/biimtools/mb_granuloma/venv/lib/python3.8/site-packages/matplotlib/mpl-data/fonts/ttf/cmsy10.ttf', name='cmsy10', style='normal', variant='normal', weight=400, stretch='normal', size='scalable')) = 10.05
DEBUG:matplotlib.font_manager:findfont: score(FontEntry(fname='/opt/biimtools/mb_granuloma/venv/lib/python3.8/site-packages/matplotlib/mpl-data/fonts/ttf/STIXSizFourSymBol.ttf', name='STIXSizeFourSym', style='normal', variant='normal', weight=700, stretch='normal', size='scalable')) = 10.335
DEBUG:matplotlib.font_manager:findfont: score(FontEntry(fname='/opt/biimtools/mb_granuloma/venv/lib/python3.8/site-packages/matplotlib/mpl-data/fonts/ttf/cmss10.ttf', name='cmss10', style='normal', variant='normal', weight=400, stretch='normal', size='scalable')) = 10.05
DEBUG:matplotlib.font_manager:findfont: score(FontEntry(fname='/opt/biimtools/mb_granuloma/venv/lib/python3.8/site-packages/matplotlib/mpl-data/fonts/ttf/DejaVuSans-Oblique.ttf', name='DejaVu Sans', style='oblique', variant='normal', weight=400, stretch='normal', size='scalable')) = 5.05
DEBUG:matplotlib.font_manager:findfont: score(FontEntry(fname='/opt/biimtools/mb_granuloma/venv/lib/python3.8/site-packages/matplotlib/mpl-data/fonts/ttf/STIXSizOneSymReg.ttf', name='STIXSizeOneSym', style='normal', variant='normal', weight=400, stretch='normal', size='scalable')) = 10.05
DEBUG:matplotlib.font_manager:findfont: score(FontEntry(fname='/opt/biimtools/mb_granuloma/venv/lib/python3.8/site-packages/matplotlib/mpl-data/fonts/ttf/DejaVuSansMono-Oblique.ttf', name='DejaVu Sans Mono', style='oblique', variant='normal', weight=400, stretch='normal', size='scalable')) = 11.05
DEBUG:matplotlib.font_manager:findfont: score(FontEntry(fname='/opt/biimtools/mb_granuloma/venv/lib/python3.8/site-packages/matplotlib/mpl-data/fonts/ttf/DejaVuSerif-BoldItalic.ttf', name='DejaVu Serif', style='italic', variant='normal', weight=700, stretch='normal', size='scalable')) = 11.335
DEBUG:matplotlib.font_manager:findfont: score(FontEntry(fname='/opt/biimtools/mb_granuloma/venv/lib/python3.8/site-packages/matplotlib/mpl-data/fonts/ttf/STIXGeneralBolIta.ttf', name='STIXGeneral', style='italic', variant='normal', weight=700, stretch='normal', size='scalable')) = 11.335
DEBUG:matplotlib.font_manager:findfont: score(FontEntry(fname='/opt/biimtools/mb_granuloma/venv/lib/python3.8/site-packages/matplotlib/mpl-data/fonts/ttf/DejaVuSerif.ttf', name='DejaVu Serif', style='normal', variant='normal', weight=400, stretch='normal', size='scalable')) = 10.05
DEBUG:matplotlib.font_manager:findfont: score(FontEntry(fname='/opt/biimtools/mb_granuloma/venv/lib/python3.8/site-packages/matplotlib/mpl-data/fonts/ttf/STIXSizThreeSymBol.ttf', name='STIXSizeThreeSym', style='normal', variant='normal', weight=700, stretch='normal', size='scalable')) = 10.335
DEBUG:matplotlib.font_manager:findfont: score(FontEntry(fname='/opt/biimtools/mb_granuloma/venv/lib/python3.8/site-packages/matplotlib/mpl-data/fonts/ttf/DejaVuSansMono-Bold.ttf', name='DejaVu Sans Mono', style='normal', variant='normal', weight=700, stretch='normal', size='scalable')) = 10.335
DEBUG:matplotlib.font_manager:findfont: score(FontEntry(fname='/opt/biimtools/mb_granuloma/venv/lib/python3.8/site-packages/matplotlib/mpl-data/fonts/ttf/DejaVuSerif-Bold.ttf', name='DejaVu Serif', style='normal', variant='normal', weight=700, stretch='normal', size='scalable')) = 10.335
DEBUG:matplotlib.font_manager:findfont: score(FontEntry(fname='/opt/biimtools/mb_granuloma/venv/lib/python3.8/site-packages/matplotlib/mpl-data/fonts/ttf/cmex10.ttf', name='cmex10', style='normal', variant='normal', weight=400, stretch='normal', size='scalable')) = 10.05
DEBUG:matplotlib.font_manager:findfont: score(FontEntry(fname='/opt/biimtools/mb_granuloma/venv/lib/python3.8/site-packages/matplotlib/mpl-data/fonts/ttf/STIXNonUniBolIta.ttf', name='STIXNonUnicode', style='italic', variant='normal', weight=700, stretch='normal', size='scalable')) = 11.335
DEBUG:matplotlib.font_manager:findfont: score(FontEntry(fname='/opt/biimtools/mb_granuloma/venv/lib/python3.8/site-packages/matplotlib/mpl-data/fonts/ttf/DejaVuSansMono.ttf', name='DejaVu Sans Mono', style='normal', variant='normal', weight=400, stretch='normal', size='scalable')) = 10.05
DEBUG:matplotlib.font_manager:findfont: score(FontEntry(fname='/opt/biimtools/mb_granuloma/venv/lib/python3.8/site-packages/matplotlib/mpl-data/fonts/ttf/STIXNonUniIta.ttf', name='STIXNonUnicode', style='italic', variant='normal', weight=400, stretch='normal', size='scalable')) = 11.05
DEBUG:matplotlib.font_manager:findfont: score(FontEntry(fname='/opt/biimtools/mb_granuloma/venv/lib/python3.8/site-packages/matplotlib/mpl-data/fonts/ttf/STIXSizFourSymReg.ttf', name='STIXSizeFourSym', style='normal', variant='normal', weight=400, stretch='normal', size='scalable')) = 10.05
DEBUG:matplotlib.font_manager:findfont: score(FontEntry(fname='/usr/share/fonts/truetype/dejavu/DejaVuSansMono-Bold.ttf', name='DejaVu Sans Mono', style='normal', variant='normal', weight=700, stretch='normal', size='scalable')) = 10.335
DEBUG:matplotlib.font_manager:findfont: score(FontEntry(fname='/usr/share/fonts/truetype/dejavu/DejaVuSansMono.ttf', name='DejaVu Sans Mono', style='normal', variant='normal', weight=400, stretch='normal', size='scalable')) = 10.05
DEBUG:matplotlib.font_manager:findfont: score(FontEntry(fname='/usr/share/fonts/truetype/dejavu/DejaVuSerif.ttf', name='DejaVu Serif', style='normal', variant='normal', weight=400, stretch='normal', size='scalable')) = 10.05
DEBUG:matplotlib.font_manager:findfont: score(FontEntry(fname='/usr/share/fonts/truetype/dejavu/DejaVuSans.ttf', name='DejaVu Sans', style='normal', variant='normal', weight=400, stretch='normal', size='scalable')) = 4.05
DEBUG:matplotlib.font_manager:findfont: score(FontEntry(fname='/usr/share/fonts/truetype/dejavu/DejaVuSans-Bold.ttf', name='DejaVu Sans', style='normal', variant='normal', weight=700, stretch='normal', size='scalable')) = 4.335
DEBUG:matplotlib.font_manager:findfont: score(FontEntry(fname='/usr/share/fonts/truetype/dejavu/DejaVuSerif-Bold.ttf', name='DejaVu Serif', style='normal', variant='normal', weight=700, stretch='normal', size='scalable')) = 10.335
DEBUG:matplotlib.font_manager:findfont: Matching sans\-serif:style=normal:variant=normal:weight=normal:stretch=normal:size=14.0 to DejaVu Sans ('/opt/biimtools/mb_granuloma/venv/lib/python3.8/site-packages/matplotlib/mpl-data/fonts/ttf/DejaVuSans.ttf') with score of 4.050000.
DEBUG:matplotlib.colorbar:locator: <matplotlib.ticker.AutoLocator object at 0x7f303d106a90>
Internal Server Error: /mb-granuloma/dataview1/api/plot_gene_image/
ERROR:django.request:Internal Server Error: /mb-granuloma/dataview1/api/plot_gene_image/
[2025-04-25 14:28:52 +0000] [701665] [INFO] Handling signal: term
[2025-04-25 14:28:53 +0000] [701687] [INFO] Worker exiting (pid: 701687)
[2025-04-25 14:28:53 +0000] [701689] [INFO] Worker exiting (pid: 701689)
[2025-04-25 14:28:53 +0000] [701665] [INFO] Shutting down: Master
[2025-04-25 14:28:53 +0000] [702268] [INFO] Starting gunicorn 23.0.0
[2025-04-25 14:28:53 +0000] [702268] [INFO] Listening at: http://127.0.0.1:8001 (702268)
[2025-04-25 14:28:53 +0000] [702268] [INFO] Using worker: gthread
[2025-04-25 14:28:53 +0000] [702293] [INFO] Booting worker with pid: 702293
[2025-04-25 14:28:53 +0000] [702316] [INFO] Booting worker with pid: 702316
DEBUG:matplotlib.pyplot:Loaded backend agg version v2.2.
DEBUG:h5py._conv:Creating converter from 3 to 5
Not Found: /mb-granuloma/dataview1/api/gene_list/
WARNING:django.request:Not Found: /mb-granuloma/dataview1/api/gene_list/
[2025-04-25 14:29:17 +0000] [702268] [INFO] Handling signal: term
[2025-04-25 14:29:18 +0000] [702293] [INFO] Worker exiting (pid: 702293)
[2025-04-25 14:29:18 +0000] [702316] [INFO] Worker exiting (pid: 702316)
[2025-04-25 14:29:18 +0000] [702268] [INFO] Shutting down: Master
[2025-04-25 14:29:18 +0000] [702430] [INFO] Starting gunicorn 23.0.0
[2025-04-25 14:29:18 +0000] [702430] [INFO] Listening at: http://127.0.0.1:8001 (702430)
[2025-04-25 14:29:18 +0000] [702430] [INFO] Using worker: gthread
[2025-04-25 14:29:18 +0000] [702459] [INFO] Booting worker with pid: 702459
[2025-04-25 14:29:18 +0000] [702460] [INFO] Booting worker with pid: 702460
DEBUG:matplotlib.pyplot:Loaded backend agg version v2.2.
DEBUG:h5py._conv:Creating converter from 3 to 5
Not Found: /mb-granuloma/dataview1/api/plot_gene_image/
WARNING:django.request:Not Found: /mb-granuloma/dataview1/api/plot_gene_image/
[2025-04-25 14:29:34 +0000] [702430] [INFO] Handling signal: term
[2025-04-25 14:29:34 +0000] [702460] [INFO] Worker exiting (pid: 702460)
[2025-04-25 14:29:34 +0000] [702459] [INFO] Worker exiting (pid: 702459)
[2025-04-25 14:29:35 +0000] [702430] [INFO] Shutting down: Master
[2025-04-25 14:29:35 +0000] [702539] [INFO] Starting gunicorn 23.0.0
[2025-04-25 14:29:35 +0000] [702539] [INFO] Listening at: http://127.0.0.1:8001 (702539)
[2025-04-25 14:29:35 +0000] [702539] [INFO] Using worker: gthread
[2025-04-25 14:29:35 +0000] [702561] [INFO] Booting worker with pid: 702561
[2025-04-25 14:29:35 +0000] [702562] [INFO] Booting worker with pid: 702562
DEBUG:matplotlib.pyplot:Loaded backend agg version v2.2.
DEBUG:h5py._conv:Creating converter from 3 to 5
DEBUG:matplotlib.pyplot:Loaded backend agg version v2.2.
DEBUG:h5py._conv:Creating converter from 3 to 5
loading...
CRITICAL:root:ajkdahj
CRITICAL:root:jadsklfjsd
loading...
CRITICAL:root:ajkdahj
DEBUG:matplotlib.font_manager:findfont: Matching sans\-serif:style=normal:variant=normal:weight=normal:stretch=normal:size=14.0.
DEBUG:matplotlib.font_manager:findfont: score(FontEntry(fname='/opt/biimtools/mb_granuloma/venv/lib/python3.8/site-packages/matplotlib/mpl-data/fonts/ttf/cmtt10.ttf', name='cmtt10', style='normal', variant='normal', weight=400, stretch='normal', size='scalable')) = 10.05
DEBUG:matplotlib.font_manager:findfont: score(FontEntry(fname='/opt/biimtools/mb_granuloma/venv/lib/python3.8/site-packages/matplotlib/mpl-data/fonts/ttf/STIXGeneralItalic.ttf', name='STIXGeneral', style='italic', variant='normal', weight=400, stretch='normal', size='scalable')) = 11.05
DEBUG:matplotlib.font_manager:findfont: score(FontEntry(fname='/opt/biimtools/mb_granuloma/venv/lib/python3.8/site-packages/matplotlib/mpl-data/fonts/ttf/DejaVuSans.ttf', name='DejaVu Sans', style='normal', variant='normal', weight=400, stretch='normal', size='scalable')) = 4.05
DEBUG:matplotlib.font_manager:findfont: score(FontEntry(fname='/opt/biimtools/mb_granuloma/venv/lib/python3.8/site-packages/matplotlib/mpl-data/fonts/ttf/DejaVuSans-Bold.ttf', name='DejaVu Sans', style='normal', variant='normal', weight=700, stretch='normal', size='scalable')) = 4.335
DEBUG:matplotlib.font_manager:findfont: score(FontEntry(fname='/opt/biimtools/mb_granuloma/venv/lib/python3.8/site-packages/matplotlib/mpl-data/fonts/ttf/STIXNonUniBol.ttf', name='STIXNonUnicode', style='normal', variant='normal', weight=700, stretch='normal', size='scalable')) = 10.335
DEBUG:matplotlib.font_manager:findfont: score(FontEntry(fname='/opt/biimtools/mb_granuloma/venv/lib/python3.8/site-packages/matplotlib/mpl-data/fonts/ttf/DejaVuSansDisplay.ttf', name='DejaVu Sans Display', style='normal', variant='normal', weight=400, stretch='normal', size='scalable')) = 10.05
DEBUG:matplotlib.font_manager:findfont: score(FontEntry(fname='/opt/biimtools/mb_granuloma/venv/lib/python3.8/site-packages/matplotlib/mpl-data/fonts/ttf/STIXSizTwoSymReg.ttf', name='STIXSizeTwoSym', style='normal', variant='normal', weight=400, stretch='normal', size='scalable')) = 10.05
DEBUG:matplotlib.font_manager:findfont: score(FontEntry(fname='/opt/biimtools/mb_granuloma/venv/lib/python3.8/site-packages/matplotlib/mpl-data/fonts/ttf/STIXNonUni.ttf', name='STIXNonUnicode', style='normal', variant='normal', weight=400, stretch='normal', size='scalable')) = 10.05
DEBUG:matplotlib.font_manager:findfont: score(FontEntry(fname='/opt/biimtools/mb_granuloma/venv/lib/python3.8/site-packages/matplotlib/mpl-data/fonts/ttf/cmb10.ttf', name='cmb10', style='normal', variant='normal', weight=400, stretch='normal', size='scalable')) = 10.05
DEBUG:matplotlib.font_manager:findfont: score(FontEntry(fname='/opt/biimtools/mb_granuloma/venv/lib/python3.8/site-packages/matplotlib/mpl-data/fonts/ttf/DejaVuSans-BoldOblique.ttf', name='DejaVu Sans', style='oblique', variant='normal', weight=700, stretch='normal', size='scalable')) = 5.335
DEBUG:matplotlib.font_manager:findfont: score(FontEntry(fname='/opt/biimtools/mb_granuloma/venv/lib/python3.8/site-packages/matplotlib/mpl-data/fonts/ttf/STIXSizFiveSymReg.ttf', name='STIXSizeFiveSym', style='normal', variant='normal', weight=400, stretch='normal', size='scalable')) = 10.05
DEBUG:matplotlib.font_manager:findfont: score(FontEntry(fname='/opt/biimtools/mb_granuloma/venv/lib/python3.8/site-packages/matplotlib/mpl-data/fonts/ttf/STIXSizOneSymBol.ttf', name='STIXSizeOneSym', style='normal', variant='normal', weight=700, stretch='normal', size='scalable')) = 10.335
DEBUG:matplotlib.font_manager:findfont: score(FontEntry(fname='/opt/biimtools/mb_granuloma/venv/lib/python3.8/site-packages/matplotlib/mpl-data/fonts/ttf/STIXSizTwoSymBol.ttf', name='STIXSizeTwoSym', style='normal', variant='normal', weight=700, stretch='normal', size='scalable')) = 10.335
DEBUG:matplotlib.font_manager:findfont: score(FontEntry(fname='/opt/biimtools/mb_granuloma/venv/lib/python3.8/site-packages/matplotlib/mpl-data/fonts/ttf/STIXSizThreeSymReg.ttf', name='STIXSizeThreeSym', style='normal', variant='normal', weight=400, stretch='normal', size='scalable')) = 10.05
DEBUG:matplotlib.font_manager:findfont: score(FontEntry(fname='/opt/biimtools/mb_granuloma/venv/lib/python3.8/site-packages/matplotlib/mpl-data/fonts/ttf/DejaVuSerifDisplay.ttf', name='DejaVu Serif Display', style='normal', variant='normal', weight=400, stretch='normal', size='scalable')) = 10.05
DEBUG:matplotlib.font_manager:findfont: score(FontEntry(fname='/opt/biimtools/mb_granuloma/venv/lib/python3.8/site-packages/matplotlib/mpl-data/fonts/ttf/DejaVuSerif-Italic.ttf', name='DejaVu Serif', style='italic', variant='normal', weight=400, stretch='normal', size='scalable')) = 11.05
DEBUG:matplotlib.font_manager:findfont: score(FontEntry(fname='/opt/biimtools/mb_granuloma/venv/lib/python3.8/site-packages/matplotlib/mpl-data/fonts/ttf/STIXGeneral.ttf', name='STIXGeneral', style='normal', variant='normal', weight=400, stretch='normal', size='scalable')) = 10.05
DEBUG:matplotlib.font_manager:findfont: score(FontEntry(fname='/opt/biimtools/mb_granuloma/venv/lib/python3.8/site-packages/matplotlib/mpl-data/fonts/ttf/cmmi10.ttf', name='cmmi10', style='normal', variant='normal', weight=400, stretch='normal', size='scalable')) = 10.05
DEBUG:matplotlib.font_manager:findfont: score(FontEntry(fname='/opt/biimtools/mb_granuloma/venv/lib/python3.8/site-packages/matplotlib/mpl-data/fonts/ttf/STIXGeneralBol.ttf', name='STIXGeneral', style='normal', variant='normal', weight=700, stretch='normal', size='scalable')) = 10.335
DEBUG:matplotlib.font_manager:findfont: score(FontEntry(fname='/opt/biimtools/mb_granuloma/venv/lib/python3.8/site-packages/matplotlib/mpl-data/fonts/ttf/cmr10.ttf', name='cmr10', style='normal', variant='normal', weight=400, stretch='normal', size='scalable')) = 10.05
DEBUG:matplotlib.font_manager:findfont: score(FontEntry(fname='/opt/biimtools/mb_granuloma/venv/lib/python3.8/site-packages/matplotlib/mpl-data/fonts/ttf/DejaVuSansMono-BoldOblique.ttf', name='DejaVu Sans Mono', style='oblique', variant='normal', weight=700, stretch='normal', size='scalable')) = 11.335
DEBUG:matplotlib.font_manager:findfont: score(FontEntry(fname='/opt/biimtools/mb_granuloma/venv/lib/python3.8/site-packages/matplotlib/mpl-data/fonts/ttf/cmsy10.ttf', name='cmsy10', style='normal', variant='normal', weight=400, stretch='normal', size='scalable')) = 10.05
DEBUG:matplotlib.font_manager:findfont: score(FontEntry(fname='/opt/biimtools/mb_granuloma/venv/lib/python3.8/site-packages/matplotlib/mpl-data/fonts/ttf/STIXSizFourSymBol.ttf', name='STIXSizeFourSym', style='normal', variant='normal', weight=700, stretch='normal', size='scalable')) = 10.335
DEBUG:matplotlib.font_manager:findfont: score(FontEntry(fname='/opt/biimtools/mb_granuloma/venv/lib/python3.8/site-packages/matplotlib/mpl-data/fonts/ttf/cmss10.ttf', name='cmss10', style='normal', variant='normal', weight=400, stretch='normal', size='scalable')) = 10.05
DEBUG:matplotlib.font_manager:findfont: score(FontEntry(fname='/opt/biimtools/mb_granuloma/venv/lib/python3.8/site-packages/matplotlib/mpl-data/fonts/ttf/DejaVuSans-Oblique.ttf', name='DejaVu Sans', style='oblique', variant='normal', weight=400, stretch='normal', size='scalable')) = 5.05
DEBUG:matplotlib.font_manager:findfont: score(FontEntry(fname='/opt/biimtools/mb_granuloma/venv/lib/python3.8/site-packages/matplotlib/mpl-data/fonts/ttf/STIXSizOneSymReg.ttf', name='STIXSizeOneSym', style='normal', variant='normal', weight=400, stretch='normal', size='scalable')) = 10.05
DEBUG:matplotlib.font_manager:findfont: score(FontEntry(fname='/opt/biimtools/mb_granuloma/venv/lib/python3.8/site-packages/matplotlib/mpl-data/fonts/ttf/DejaVuSansMono-Oblique.ttf', name='DejaVu Sans Mono', style='oblique', variant='normal', weight=400, stretch='normal', size='scalable')) = 11.05
DEBUG:matplotlib.font_manager:findfont: score(FontEntry(fname='/opt/biimtools/mb_granuloma/venv/lib/python3.8/site-packages/matplotlib/mpl-data/fonts/ttf/DejaVuSerif-BoldItalic.ttf', name='DejaVu Serif', style='italic', variant='normal', weight=700, stretch='normal', size='scalable')) = 11.335
DEBUG:matplotlib.font_manager:findfont: score(FontEntry(fname='/opt/biimtools/mb_granuloma/venv/lib/python3.8/site-packages/matplotlib/mpl-data/fonts/ttf/STIXGeneralBolIta.ttf', name='STIXGeneral', style='italic', variant='normal', weight=700, stretch='normal', size='scalable')) = 11.335
DEBUG:matplotlib.font_manager:findfont: score(FontEntry(fname='/opt/biimtools/mb_granuloma/venv/lib/python3.8/site-packages/matplotlib/mpl-data/fonts/ttf/DejaVuSerif.ttf', name='DejaVu Serif', style='normal', variant='normal', weight=400, stretch='normal', size='scalable')) = 10.05
DEBUG:matplotlib.font_manager:findfont: score(FontEntry(fname='/opt/biimtools/mb_granuloma/venv/lib/python3.8/site-packages/matplotlib/mpl-data/fonts/ttf/STIXSizThreeSymBol.ttf', name='STIXSizeThreeSym', style='normal', variant='normal', weight=700, stretch='normal', size='scalable')) = 10.335
DEBUG:matplotlib.font_manager:findfont: score(FontEntry(fname='/opt/biimtools/mb_granuloma/venv/lib/python3.8/site-packages/matplotlib/mpl-data/fonts/ttf/DejaVuSansMono-Bold.ttf', name='DejaVu Sans Mono', style='normal', variant='normal', weight=700, stretch='normal', size='scalable')) = 10.335
DEBUG:matplotlib.font_manager:findfont: score(FontEntry(fname='/opt/biimtools/mb_granuloma/venv/lib/python3.8/site-packages/matplotlib/mpl-data/fonts/ttf/DejaVuSerif-Bold.ttf', name='DejaVu Serif', style='normal', variant='normal', weight=700, stretch='normal', size='scalable')) = 10.335
DEBUG:matplotlib.font_manager:findfont: score(FontEntry(fname='/opt/biimtools/mb_granuloma/venv/lib/python3.8/site-packages/matplotlib/mpl-data/fonts/ttf/cmex10.ttf', name='cmex10', style='normal', variant='normal', weight=400, stretch='normal', size='scalable')) = 10.05
DEBUG:matplotlib.font_manager:findfont: score(FontEntry(fname='/opt/biimtools/mb_granuloma/venv/lib/python3.8/site-packages/matplotlib/mpl-data/fonts/ttf/STIXNonUniBolIta.ttf', name='STIXNonUnicode', style='italic', variant='normal', weight=700, stretch='normal', size='scalable')) = 11.335
DEBUG:matplotlib.font_manager:findfont: score(FontEntry(fname='/opt/biimtools/mb_granuloma/venv/lib/python3.8/site-packages/matplotlib/mpl-data/fonts/ttf/DejaVuSansMono.ttf', name='DejaVu Sans Mono', style='normal', variant='normal', weight=400, stretch='normal', size='scalable')) = 10.05
DEBUG:matplotlib.font_manager:findfont: score(FontEntry(fname='/opt/biimtools/mb_granuloma/venv/lib/python3.8/site-packages/matplotlib/mpl-data/fonts/ttf/STIXNonUniIta.ttf', name='STIXNonUnicode', style='italic', variant='normal', weight=400, stretch='normal', size='scalable')) = 11.05
DEBUG:matplotlib.font_manager:findfont: score(FontEntry(fname='/opt/biimtools/mb_granuloma/venv/lib/python3.8/site-packages/matplotlib/mpl-data/fonts/ttf/STIXSizFourSymReg.ttf', name='STIXSizeFourSym', style='normal', variant='normal', weight=400, stretch='normal', size='scalable')) = 10.05
DEBUG:matplotlib.font_manager:findfont: score(FontEntry(fname='/usr/share/fonts/truetype/dejavu/DejaVuSansMono-Bold.ttf', name='DejaVu Sans Mono', style='normal', variant='normal', weight=700, stretch='normal', size='scalable')) = 10.335
DEBUG:matplotlib.font_manager:findfont: score(FontEntry(fname='/usr/share/fonts/truetype/dejavu/DejaVuSansMono.ttf', name='DejaVu Sans Mono', style='normal', variant='normal', weight=400, stretch='normal', size='scalable')) = 10.05
DEBUG:matplotlib.font_manager:findfont: score(FontEntry(fname='/usr/share/fonts/truetype/dejavu/DejaVuSerif.ttf', name='DejaVu Serif', style='normal', variant='normal', weight=400, stretch='normal', size='scalable')) = 10.05
DEBUG:matplotlib.font_manager:findfont: score(FontEntry(fname='/usr/share/fonts/truetype/dejavu/DejaVuSans.ttf', name='DejaVu Sans', style='normal', variant='normal', weight=400, stretch='normal', size='scalable')) = 4.05
DEBUG:matplotlib.font_manager:findfont: score(FontEntry(fname='/usr/share/fonts/truetype/dejavu/DejaVuSans-Bold.ttf', name='DejaVu Sans', style='normal', variant='normal', weight=700, stretch='normal', size='scalable')) = 4.335
DEBUG:matplotlib.font_manager:findfont: score(FontEntry(fname='/usr/share/fonts/truetype/dejavu/DejaVuSerif-Bold.ttf', name='DejaVu Serif', style='normal', variant='normal', weight=700, stretch='normal', size='scalable')) = 10.335
DEBUG:matplotlib.font_manager:findfont: Matching sans\-serif:style=normal:variant=normal:weight=normal:stretch=normal:size=14.0 to DejaVu Sans ('/opt/biimtools/mb_granuloma/venv/lib/python3.8/site-packages/matplotlib/mpl-data/fonts/ttf/DejaVuSans.ttf') with score of 4.050000.
DEBUG:matplotlib.colorbar:locator: <matplotlib.ticker.AutoLocator object at 0x7fa5f7f02460>
Internal Server Error: /mb-granuloma/dataview1/api/plot_gene_image/
ERROR:django.request:Internal Server Error: /mb-granuloma/dataview1/api/plot_gene_image/
Method Not Allowed: /mb-granuloma/dataview1/api/plot_gene_image/
WARNING:django.request:Method Not Allowed: /mb-granuloma/dataview1/api/plot_gene_image/
Method Not Allowed: /mb-granuloma/dataview1/api/plot_gene_image/
WARNING:django.request:Method Not Allowed: /mb-granuloma/dataview1/api/plot_gene_image/
Not Found: /mb-granuloma/dataview1/api/plot_gene_image/SSP1
WARNING:django.request:Not Found: /mb-granuloma/dataview1/api/plot_gene_image/SSP1
loading...
CRITICAL:root:ajkdahj
CRITICAL:root:jadsklfjsd
loading...
CRITICAL:root:ajkdahj
DEBUG:matplotlib.colorbar:locator: <matplotlib.ticker.AutoLocator object at 0x7fa5f87e3820>
Internal Server Error: /mb-granuloma/dataview1/api/plot_gene_image/
ERROR:django.request:Internal Server Error: /mb-granuloma/dataview1/api/plot_gene_image/
loading...
CRITICAL:root:ajkdahj
DEBUG:matplotlib.colorbar:locator: <matplotlib.ticker.AutoLocator object at 0x7fa5f7e78fd0>
Internal Server Error: /mb-granuloma/dataview1/api/plot_gene_image/
ERROR:django.request:Internal Server Error: /mb-granuloma/dataview1/api/plot_gene_image/
[2025-04-25 14:35:55 +0000] [702539] [INFO] Handling signal: term
[2025-04-25 14:35:56 +0000] [702561] [INFO] Worker exiting (pid: 702561)
[2025-04-25 14:35:56 +0000] [702562] [INFO] Worker exiting (pid: 702562)
[2025-04-25 14:35:56 +0000] [702539] [INFO] Shutting down: Master
[2025-04-25 14:35:56 +0000] [704080] [INFO] Starting gunicorn 23.0.0
[2025-04-25 14:35:56 +0000] [704080] [INFO] Listening at: http://127.0.0.1:8001 (704080)
[2025-04-25 14:35:56 +0000] [704080] [INFO] Using worker: gthread
[2025-04-25 14:35:56 +0000] [704085] [INFO] Booting worker with pid: 704085
[2025-04-25 14:35:56 +0000] [704086] [INFO] Booting worker with pid: 704086
DEBUG:matplotlib.pyplot:Loaded backend agg version v2.2.
DEBUG:h5py._conv:Creating converter from 3 to 5
DEBUG:matplotlib.pyplot:Loaded backend agg version v2.2.
DEBUG:h5py._conv:Creating converter from 3 to 5
loading...
CRITICAL:root:ajkdahj
CRITICAL:root:jadsklfjsd
loading...
CRITICAL:root:ajkdahj
DEBUG:matplotlib.font_manager:findfont: Matching sans\-serif:style=normal:variant=normal:weight=normal:stretch=normal:size=14.0.
DEBUG:matplotlib.font_manager:findfont: score(FontEntry(fname='/opt/biimtools/mb_granuloma/venv/lib/python3.8/site-packages/matplotlib/mpl-data/fonts/ttf/cmtt10.ttf', name='cmtt10', style='normal', variant='normal', weight=400, stretch='normal', size='scalable')) = 10.05
DEBUG:matplotlib.font_manager:findfont: score(FontEntry(fname='/opt/biimtools/mb_granuloma/venv/lib/python3.8/site-packages/matplotlib/mpl-data/fonts/ttf/STIXGeneralItalic.ttf', name='STIXGeneral', style='italic', variant='normal', weight=400, stretch='normal', size='scalable')) = 11.05
DEBUG:matplotlib.font_manager:findfont: score(FontEntry(fname='/opt/biimtools/mb_granuloma/venv/lib/python3.8/site-packages/matplotlib/mpl-data/fonts/ttf/DejaVuSans.ttf', name='DejaVu Sans', style='normal', variant='normal', weight=400, stretch='normal', size='scalable')) = 4.05
DEBUG:matplotlib.font_manager:findfont: score(FontEntry(fname='/opt/biimtools/mb_granuloma/venv/lib/python3.8/site-packages/matplotlib/mpl-data/fonts/ttf/DejaVuSans-Bold.ttf', name='DejaVu Sans', style='normal', variant='normal', weight=700, stretch='normal', size='scalable')) = 4.335
DEBUG:matplotlib.font_manager:findfont: score(FontEntry(fname='/opt/biimtools/mb_granuloma/venv/lib/python3.8/site-packages/matplotlib/mpl-data/fonts/ttf/STIXNonUniBol.ttf', name='STIXNonUnicode', style='normal', variant='normal', weight=700, stretch='normal', size='scalable')) = 10.335
DEBUG:matplotlib.font_manager:findfont: score(FontEntry(fname='/opt/biimtools/mb_granuloma/venv/lib/python3.8/site-packages/matplotlib/mpl-data/fonts/ttf/DejaVuSansDisplay.ttf', name='DejaVu Sans Display', style='normal', variant='normal', weight=400, stretch='normal', size='scalable')) = 10.05
DEBUG:matplotlib.font_manager:findfont: score(FontEntry(fname='/opt/biimtools/mb_granuloma/venv/lib/python3.8/site-packages/matplotlib/mpl-data/fonts/ttf/STIXSizTwoSymReg.ttf', name='STIXSizeTwoSym', style='normal', variant='normal', weight=400, stretch='normal', size='scalable')) = 10.05
DEBUG:matplotlib.font_manager:findfont: score(FontEntry(fname='/opt/biimtools/mb_granuloma/venv/lib/python3.8/site-packages/matplotlib/mpl-data/fonts/ttf/STIXNonUni.ttf', name='STIXNonUnicode', style='normal', variant='normal', weight=400, stretch='normal', size='scalable')) = 10.05
DEBUG:matplotlib.font_manager:findfont: score(FontEntry(fname='/opt/biimtools/mb_granuloma/venv/lib/python3.8/site-packages/matplotlib/mpl-data/fonts/ttf/cmb10.ttf', name='cmb10', style='normal', variant='normal', weight=400, stretch='normal', size='scalable')) = 10.05
DEBUG:matplotlib.font_manager:findfont: score(FontEntry(fname='/opt/biimtools/mb_granuloma/venv/lib/python3.8/site-packages/matplotlib/mpl-data/fonts/ttf/DejaVuSans-BoldOblique.ttf', name='DejaVu Sans', style='oblique', variant='normal', weight=700, stretch='normal', size='scalable')) = 5.335
DEBUG:matplotlib.font_manager:findfont: score(FontEntry(fname='/opt/biimtools/mb_granuloma/venv/lib/python3.8/site-packages/matplotlib/mpl-data/fonts/ttf/STIXSizFiveSymReg.ttf', name='STIXSizeFiveSym', style='normal', variant='normal', weight=400, stretch='normal', size='scalable')) = 10.05
DEBUG:matplotlib.font_manager:findfont: score(FontEntry(fname='/opt/biimtools/mb_granuloma/venv/lib/python3.8/site-packages/matplotlib/mpl-data/fonts/ttf/STIXSizOneSymBol.ttf', name='STIXSizeOneSym', style='normal', variant='normal', weight=700, stretch='normal', size='scalable')) = 10.335
DEBUG:matplotlib.font_manager:findfont: score(FontEntry(fname='/opt/biimtools/mb_granuloma/venv/lib/python3.8/site-packages/matplotlib/mpl-data/fonts/ttf/STIXSizTwoSymBol.ttf', name='STIXSizeTwoSym', style='normal', variant='normal', weight=700, stretch='normal', size='scalable')) = 10.335
DEBUG:matplotlib.font_manager:findfont: score(FontEntry(fname='/opt/biimtools/mb_granuloma/venv/lib/python3.8/site-packages/matplotlib/mpl-data/fonts/ttf/STIXSizThreeSymReg.ttf', name='STIXSizeThreeSym', style='normal', variant='normal', weight=400, stretch='normal', size='scalable')) = 10.05
DEBUG:matplotlib.font_manager:findfont: score(FontEntry(fname='/opt/biimtools/mb_granuloma/venv/lib/python3.8/site-packages/matplotlib/mpl-data/fonts/ttf/DejaVuSerifDisplay.ttf', name='DejaVu Serif Display', style='normal', variant='normal', weight=400, stretch='normal', size='scalable')) = 10.05
DEBUG:matplotlib.font_manager:findfont: score(FontEntry(fname='/opt/biimtools/mb_granuloma/venv/lib/python3.8/site-packages/matplotlib/mpl-data/fonts/ttf/DejaVuSerif-Italic.ttf', name='DejaVu Serif', style='italic', variant='normal', weight=400, stretch='normal', size='scalable')) = 11.05
DEBUG:matplotlib.font_manager:findfont: score(FontEntry(fname='/opt/biimtools/mb_granuloma/venv/lib/python3.8/site-packages/matplotlib/mpl-data/fonts/ttf/STIXGeneral.ttf', name='STIXGeneral', style='normal', variant='normal', weight=400, stretch='normal', size='scalable')) = 10.05
DEBUG:matplotlib.font_manager:findfont: score(FontEntry(fname='/opt/biimtools/mb_granuloma/venv/lib/python3.8/site-packages/matplotlib/mpl-data/fonts/ttf/cmmi10.ttf', name='cmmi10', style='normal', variant='normal', weight=400, stretch='normal', size='scalable')) = 10.05
DEBUG:matplotlib.font_manager:findfont: score(FontEntry(fname='/opt/biimtools/mb_granuloma/venv/lib/python3.8/site-packages/matplotlib/mpl-data/fonts/ttf/STIXGeneralBol.ttf', name='STIXGeneral', style='normal', variant='normal', weight=700, stretch='normal', size='scalable')) = 10.335
DEBUG:matplotlib.font_manager:findfont: score(FontEntry(fname='/opt/biimtools/mb_granuloma/venv/lib/python3.8/site-packages/matplotlib/mpl-data/fonts/ttf/cmr10.ttf', name='cmr10', style='normal', variant='normal', weight=400, stretch='normal', size='scalable')) = 10.05
DEBUG:matplotlib.font_manager:findfont: score(FontEntry(fname='/opt/biimtools/mb_granuloma/venv/lib/python3.8/site-packages/matplotlib/mpl-data/fonts/ttf/DejaVuSansMono-BoldOblique.ttf', name='DejaVu Sans Mono', style='oblique', variant='normal', weight=700, stretch='normal', size='scalable')) = 11.335
DEBUG:matplotlib.font_manager:findfont: score(FontEntry(fname='/opt/biimtools/mb_granuloma/venv/lib/python3.8/site-packages/matplotlib/mpl-data/fonts/ttf/cmsy10.ttf', name='cmsy10', style='normal', variant='normal', weight=400, stretch='normal', size='scalable')) = 10.05
DEBUG:matplotlib.font_manager:findfont: score(FontEntry(fname='/opt/biimtools/mb_granuloma/venv/lib/python3.8/site-packages/matplotlib/mpl-data/fonts/ttf/STIXSizFourSymBol.ttf', name='STIXSizeFourSym', style='normal', variant='normal', weight=700, stretch='normal', size='scalable')) = 10.335
DEBUG:matplotlib.font_manager:findfont: score(FontEntry(fname='/opt/biimtools/mb_granuloma/venv/lib/python3.8/site-packages/matplotlib/mpl-data/fonts/ttf/cmss10.ttf', name='cmss10', style='normal', variant='normal', weight=400, stretch='normal', size='scalable')) = 10.05
DEBUG:matplotlib.font_manager:findfont: score(FontEntry(fname='/opt/biimtools/mb_granuloma/venv/lib/python3.8/site-packages/matplotlib/mpl-data/fonts/ttf/DejaVuSans-Oblique.ttf', name='DejaVu Sans', style='oblique', variant='normal', weight=400, stretch='normal', size='scalable')) = 5.05
DEBUG:matplotlib.font_manager:findfont: score(FontEntry(fname='/opt/biimtools/mb_granuloma/venv/lib/python3.8/site-packages/matplotlib/mpl-data/fonts/ttf/STIXSizOneSymReg.ttf', name='STIXSizeOneSym', style='normal', variant='normal', weight=400, stretch='normal', size='scalable')) = 10.05
DEBUG:matplotlib.font_manager:findfont: score(FontEntry(fname='/opt/biimtools/mb_granuloma/venv/lib/python3.8/site-packages/matplotlib/mpl-data/fonts/ttf/DejaVuSansMono-Oblique.ttf', name='DejaVu Sans Mono', style='oblique', variant='normal', weight=400, stretch='normal', size='scalable')) = 11.05
DEBUG:matplotlib.font_manager:findfont: score(FontEntry(fname='/opt/biimtools/mb_granuloma/venv/lib/python3.8/site-packages/matplotlib/mpl-data/fonts/ttf/DejaVuSerif-BoldItalic.ttf', name='DejaVu Serif', style='italic', variant='normal', weight=700, stretch='normal', size='scalable')) = 11.335
DEBUG:matplotlib.font_manager:findfont: score(FontEntry(fname='/opt/biimtools/mb_granuloma/venv/lib/python3.8/site-packages/matplotlib/mpl-data/fonts/ttf/STIXGeneralBolIta.ttf', name='STIXGeneral', style='italic', variant='normal', weight=700, stretch='normal', size='scalable')) = 11.335
DEBUG:matplotlib.font_manager:findfont: score(FontEntry(fname='/opt/biimtools/mb_granuloma/venv/lib/python3.8/site-packages/matplotlib/mpl-data/fonts/ttf/DejaVuSerif.ttf', name='DejaVu Serif', style='normal', variant='normal', weight=400, stretch='normal', size='scalable')) = 10.05
DEBUG:matplotlib.font_manager:findfont: score(FontEntry(fname='/opt/biimtools/mb_granuloma/venv/lib/python3.8/site-packages/matplotlib/mpl-data/fonts/ttf/STIXSizThreeSymBol.ttf', name='STIXSizeThreeSym', style='normal', variant='normal', weight=700, stretch='normal', size='scalable')) = 10.335
DEBUG:matplotlib.font_manager:findfont: score(FontEntry(fname='/opt/biimtools/mb_granuloma/venv/lib/python3.8/site-packages/matplotlib/mpl-data/fonts/ttf/DejaVuSansMono-Bold.ttf', name='DejaVu Sans Mono', style='normal', variant='normal', weight=700, stretch='normal', size='scalable')) = 10.335
DEBUG:matplotlib.font_manager:findfont: score(FontEntry(fname='/opt/biimtools/mb_granuloma/venv/lib/python3.8/site-packages/matplotlib/mpl-data/fonts/ttf/DejaVuSerif-Bold.ttf', name='DejaVu Serif', style='normal', variant='normal', weight=700, stretch='normal', size='scalable')) = 10.335
DEBUG:matplotlib.font_manager:findfont: score(FontEntry(fname='/opt/biimtools/mb_granuloma/venv/lib/python3.8/site-packages/matplotlib/mpl-data/fonts/ttf/cmex10.ttf', name='cmex10', style='normal', variant='normal', weight=400, stretch='normal', size='scalable')) = 10.05
DEBUG:matplotlib.font_manager:findfont: score(FontEntry(fname='/opt/biimtools/mb_granuloma/venv/lib/python3.8/site-packages/matplotlib/mpl-data/fonts/ttf/STIXNonUniBolIta.ttf', name='STIXNonUnicode', style='italic', variant='normal', weight=700, stretch='normal', size='scalable')) = 11.335
DEBUG:matplotlib.font_manager:findfont: score(FontEntry(fname='/opt/biimtools/mb_granuloma/venv/lib/python3.8/site-packages/matplotlib/mpl-data/fonts/ttf/DejaVuSansMono.ttf', name='DejaVu Sans Mono', style='normal', variant='normal', weight=400, stretch='normal', size='scalable')) = 10.05
DEBUG:matplotlib.font_manager:findfont: score(FontEntry(fname='/opt/biimtools/mb_granuloma/venv/lib/python3.8/site-packages/matplotlib/mpl-data/fonts/ttf/STIXNonUniIta.ttf', name='STIXNonUnicode', style='italic', variant='normal', weight=400, stretch='normal', size='scalable')) = 11.05
DEBUG:matplotlib.font_manager:findfont: score(FontEntry(fname='/opt/biimtools/mb_granuloma/venv/lib/python3.8/site-packages/matplotlib/mpl-data/fonts/ttf/STIXSizFourSymReg.ttf', name='STIXSizeFourSym', style='normal', variant='normal', weight=400, stretch='normal', size='scalable')) = 10.05
DEBUG:matplotlib.font_manager:findfont: score(FontEntry(fname='/usr/share/fonts/truetype/dejavu/DejaVuSansMono-Bold.ttf', name='DejaVu Sans Mono', style='normal', variant='normal', weight=700, stretch='normal', size='scalable')) = 10.335
DEBUG:matplotlib.font_manager:findfont: score(FontEntry(fname='/usr/share/fonts/truetype/dejavu/DejaVuSansMono.ttf', name='DejaVu Sans Mono', style='normal', variant='normal', weight=400, stretch='normal', size='scalable')) = 10.05
DEBUG:matplotlib.font_manager:findfont: score(FontEntry(fname='/usr/share/fonts/truetype/dejavu/DejaVuSerif.ttf', name='DejaVu Serif', style='normal', variant='normal', weight=400, stretch='normal', size='scalable')) = 10.05
DEBUG:matplotlib.font_manager:findfont: score(FontEntry(fname='/usr/share/fonts/truetype/dejavu/DejaVuSans.ttf', name='DejaVu Sans', style='normal', variant='normal', weight=400, stretch='normal', size='scalable')) = 4.05
DEBUG:matplotlib.font_manager:findfont: score(FontEntry(fname='/usr/share/fonts/truetype/dejavu/DejaVuSans-Bold.ttf', name='DejaVu Sans', style='normal', variant='normal', weight=700, stretch='normal', size='scalable')) = 4.335
DEBUG:matplotlib.font_manager:findfont: score(FontEntry(fname='/usr/share/fonts/truetype/dejavu/DejaVuSerif-Bold.ttf', name='DejaVu Serif', style='normal', variant='normal', weight=700, stretch='normal', size='scalable')) = 10.335
DEBUG:matplotlib.font_manager:findfont: Matching sans\-serif:style=normal:variant=normal:weight=normal:stretch=normal:size=14.0 to DejaVu Sans ('/opt/biimtools/mb_granuloma/venv/lib/python3.8/site-packages/matplotlib/mpl-data/fonts/ttf/DejaVuSans.ttf') with score of 4.050000.
DEBUG:matplotlib.colorbar:locator: <matplotlib.ticker.AutoLocator object at 0x7fd272dfdeb0>
Internal Server Error: /mb-granuloma/dataview1/api/plot_gene_image/
ERROR:django.request:Internal Server Error: /mb-granuloma/dataview1/api/plot_gene_image/
[2025-04-25 14:37:29 +0000] [704080] [INFO] Handling signal: term
[2025-04-25 14:37:29 +0000] [704085] [INFO] Worker exiting (pid: 704085)
[2025-04-25 14:37:29 +0000] [704086] [INFO] Worker exiting (pid: 704086)
[2025-04-25 14:37:30 +0000] [704080] [INFO] Shutting down: Master
[2025-04-25 14:37:30 +0000] [704459] [INFO] Starting gunicorn 23.0.0
[2025-04-25 14:37:30 +0000] [704459] [INFO] Listening at: http://127.0.0.1:8001 (704459)
[2025-04-25 14:37:30 +0000] [704459] [INFO] Using worker: gthread
[2025-04-25 14:37:30 +0000] [704478] [INFO] Booting worker with pid: 704478
[2025-04-25 14:37:30 +0000] [704479] [INFO] Booting worker with pid: 704479
DEBUG:matplotlib.pyplot:Loaded backend agg version v2.2.
DEBUG:h5py._conv:Creating converter from 3 to 5
DEBUG:matplotlib.pyplot:Loaded backend agg version v2.2.
DEBUG:h5py._conv:Creating converter from 3 to 5
loading...
CRITICAL:root:ajkdahj
DEBUG:matplotlib.font_manager:findfont: Matching sans\-serif:style=normal:variant=normal:weight=normal:stretch=normal:size=14.0.
DEBUG:matplotlib.font_manager:findfont: score(FontEntry(fname='/opt/biimtools/mb_granuloma/venv/lib/python3.8/site-packages/matplotlib/mpl-data/fonts/ttf/cmtt10.ttf', name='cmtt10', style='normal', variant='normal', weight=400, stretch='normal', size='scalable')) = 10.05
DEBUG:matplotlib.font_manager:findfont: score(FontEntry(fname='/opt/biimtools/mb_granuloma/venv/lib/python3.8/site-packages/matplotlib/mpl-data/fonts/ttf/STIXGeneralItalic.ttf', name='STIXGeneral', style='italic', variant='normal', weight=400, stretch='normal', size='scalable')) = 11.05
DEBUG:matplotlib.font_manager:findfont: score(FontEntry(fname='/opt/biimtools/mb_granuloma/venv/lib/python3.8/site-packages/matplotlib/mpl-data/fonts/ttf/DejaVuSans.ttf', name='DejaVu Sans', style='normal', variant='normal', weight=400, stretch='normal', size='scalable')) = 4.05
DEBUG:matplotlib.font_manager:findfont: score(FontEntry(fname='/opt/biimtools/mb_granuloma/venv/lib/python3.8/site-packages/matplotlib/mpl-data/fonts/ttf/DejaVuSans-Bold.ttf', name='DejaVu Sans', style='normal', variant='normal', weight=700, stretch='normal', size='scalable')) = 4.335
DEBUG:matplotlib.font_manager:findfont: score(FontEntry(fname='/opt/biimtools/mb_granuloma/venv/lib/python3.8/site-packages/matplotlib/mpl-data/fonts/ttf/STIXNonUniBol.ttf', name='STIXNonUnicode', style='normal', variant='normal', weight=700, stretch='normal', size='scalable')) = 10.335
DEBUG:matplotlib.font_manager:findfont: score(FontEntry(fname='/opt/biimtools/mb_granuloma/venv/lib/python3.8/site-packages/matplotlib/mpl-data/fonts/ttf/DejaVuSansDisplay.ttf', name='DejaVu Sans Display', style='normal', variant='normal', weight=400, stretch='normal', size='scalable')) = 10.05
DEBUG:matplotlib.font_manager:findfont: score(FontEntry(fname='/opt/biimtools/mb_granuloma/venv/lib/python3.8/site-packages/matplotlib/mpl-data/fonts/ttf/STIXSizTwoSymReg.ttf', name='STIXSizeTwoSym', style='normal', variant='normal', weight=400, stretch='normal', size='scalable')) = 10.05
DEBUG:matplotlib.font_manager:findfont: score(FontEntry(fname='/opt/biimtools/mb_granuloma/venv/lib/python3.8/site-packages/matplotlib/mpl-data/fonts/ttf/STIXNonUni.ttf', name='STIXNonUnicode', style='normal', variant='normal', weight=400, stretch='normal', size='scalable')) = 10.05
DEBUG:matplotlib.font_manager:findfont: score(FontEntry(fname='/opt/biimtools/mb_granuloma/venv/lib/python3.8/site-packages/matplotlib/mpl-data/fonts/ttf/cmb10.ttf', name='cmb10', style='normal', variant='normal', weight=400, stretch='normal', size='scalable')) = 10.05
DEBUG:matplotlib.font_manager:findfont: score(FontEntry(fname='/opt/biimtools/mb_granuloma/venv/lib/python3.8/site-packages/matplotlib/mpl-data/fonts/ttf/DejaVuSans-BoldOblique.ttf', name='DejaVu Sans', style='oblique', variant='normal', weight=700, stretch='normal', size='scalable')) = 5.335
DEBUG:matplotlib.font_manager:findfont: score(FontEntry(fname='/opt/biimtools/mb_granuloma/venv/lib/python3.8/site-packages/matplotlib/mpl-data/fonts/ttf/STIXSizFiveSymReg.ttf', name='STIXSizeFiveSym', style='normal', variant='normal', weight=400, stretch='normal', size='scalable')) = 10.05
DEBUG:matplotlib.font_manager:findfont: score(FontEntry(fname='/opt/biimtools/mb_granuloma/venv/lib/python3.8/site-packages/matplotlib/mpl-data/fonts/ttf/STIXSizOneSymBol.ttf', name='STIXSizeOneSym', style='normal', variant='normal', weight=700, stretch='normal', size='scalable')) = 10.335
DEBUG:matplotlib.font_manager:findfont: score(FontEntry(fname='/opt/biimtools/mb_granuloma/venv/lib/python3.8/site-packages/matplotlib/mpl-data/fonts/ttf/STIXSizTwoSymBol.ttf', name='STIXSizeTwoSym', style='normal', variant='normal', weight=700, stretch='normal', size='scalable')) = 10.335
DEBUG:matplotlib.font_manager:findfont: score(FontEntry(fname='/opt/biimtools/mb_granuloma/venv/lib/python3.8/site-packages/matplotlib/mpl-data/fonts/ttf/STIXSizThreeSymReg.ttf', name='STIXSizeThreeSym', style='normal', variant='normal', weight=400, stretch='normal', size='scalable')) = 10.05
DEBUG:matplotlib.font_manager:findfont: score(FontEntry(fname='/opt/biimtools/mb_granuloma/venv/lib/python3.8/site-packages/matplotlib/mpl-data/fonts/ttf/DejaVuSerifDisplay.ttf', name='DejaVu Serif Display', style='normal', variant='normal', weight=400, stretch='normal', size='scalable')) = 10.05
DEBUG:matplotlib.font_manager:findfont: score(FontEntry(fname='/opt/biimtools/mb_granuloma/venv/lib/python3.8/site-packages/matplotlib/mpl-data/fonts/ttf/DejaVuSerif-Italic.ttf', name='DejaVu Serif', style='italic', variant='normal', weight=400, stretch='normal', size='scalable')) = 11.05
DEBUG:matplotlib.font_manager:findfont: score(FontEntry(fname='/opt/biimtools/mb_granuloma/venv/lib/python3.8/site-packages/matplotlib/mpl-data/fonts/ttf/STIXGeneral.ttf', name='STIXGeneral', style='normal', variant='normal', weight=400, stretch='normal', size='scalable')) = 10.05
DEBUG:matplotlib.font_manager:findfont: score(FontEntry(fname='/opt/biimtools/mb_granuloma/venv/lib/python3.8/site-packages/matplotlib/mpl-data/fonts/ttf/cmmi10.ttf', name='cmmi10', style='normal', variant='normal', weight=400, stretch='normal', size='scalable')) = 10.05
DEBUG:matplotlib.font_manager:findfont: score(FontEntry(fname='/opt/biimtools/mb_granuloma/venv/lib/python3.8/site-packages/matplotlib/mpl-data/fonts/ttf/STIXGeneralBol.ttf', name='STIXGeneral', style='normal', variant='normal', weight=700, stretch='normal', size='scalable')) = 10.335
DEBUG:matplotlib.font_manager:findfont: score(FontEntry(fname='/opt/biimtools/mb_granuloma/venv/lib/python3.8/site-packages/matplotlib/mpl-data/fonts/ttf/cmr10.ttf', name='cmr10', style='normal', variant='normal', weight=400, stretch='normal', size='scalable')) = 10.05
DEBUG:matplotlib.font_manager:findfont: score(FontEntry(fname='/opt/biimtools/mb_granuloma/venv/lib/python3.8/site-packages/matplotlib/mpl-data/fonts/ttf/DejaVuSansMono-BoldOblique.ttf', name='DejaVu Sans Mono', style='oblique', variant='normal', weight=700, stretch='normal', size='scalable')) = 11.335
DEBUG:matplotlib.font_manager:findfont: score(FontEntry(fname='/opt/biimtools/mb_granuloma/venv/lib/python3.8/site-packages/matplotlib/mpl-data/fonts/ttf/cmsy10.ttf', name='cmsy10', style='normal', variant='normal', weight=400, stretch='normal', size='scalable')) = 10.05
DEBUG:matplotlib.font_manager:findfont: score(FontEntry(fname='/opt/biimtools/mb_granuloma/venv/lib/python3.8/site-packages/matplotlib/mpl-data/fonts/ttf/STIXSizFourSymBol.ttf', name='STIXSizeFourSym', style='normal', variant='normal', weight=700, stretch='normal', size='scalable')) = 10.335
DEBUG:matplotlib.font_manager:findfont: score(FontEntry(fname='/opt/biimtools/mb_granuloma/venv/lib/python3.8/site-packages/matplotlib/mpl-data/fonts/ttf/cmss10.ttf', name='cmss10', style='normal', variant='normal', weight=400, stretch='normal', size='scalable')) = 10.05
DEBUG:matplotlib.font_manager:findfont: score(FontEntry(fname='/opt/biimtools/mb_granuloma/venv/lib/python3.8/site-packages/matplotlib/mpl-data/fonts/ttf/DejaVuSans-Oblique.ttf', name='DejaVu Sans', style='oblique', variant='normal', weight=400, stretch='normal', size='scalable')) = 5.05
DEBUG:matplotlib.font_manager:findfont: score(FontEntry(fname='/opt/biimtools/mb_granuloma/venv/lib/python3.8/site-packages/matplotlib/mpl-data/fonts/ttf/STIXSizOneSymReg.ttf', name='STIXSizeOneSym', style='normal', variant='normal', weight=400, stretch='normal', size='scalable')) = 10.05
DEBUG:matplotlib.font_manager:findfont: score(FontEntry(fname='/opt/biimtools/mb_granuloma/venv/lib/python3.8/site-packages/matplotlib/mpl-data/fonts/ttf/DejaVuSansMono-Oblique.ttf', name='DejaVu Sans Mono', style='oblique', variant='normal', weight=400, stretch='normal', size='scalable')) = 11.05
DEBUG:matplotlib.font_manager:findfont: score(FontEntry(fname='/opt/biimtools/mb_granuloma/venv/lib/python3.8/site-packages/matplotlib/mpl-data/fonts/ttf/DejaVuSerif-BoldItalic.ttf', name='DejaVu Serif', style='italic', variant='normal', weight=700, stretch='normal', size='scalable')) = 11.335
DEBUG:matplotlib.font_manager:findfont: score(FontEntry(fname='/opt/biimtools/mb_granuloma/venv/lib/python3.8/site-packages/matplotlib/mpl-data/fonts/ttf/STIXGeneralBolIta.ttf', name='STIXGeneral', style='italic', variant='normal', weight=700, stretch='normal', size='scalable')) = 11.335
DEBUG:matplotlib.font_manager:findfont: score(FontEntry(fname='/opt/biimtools/mb_granuloma/venv/lib/python3.8/site-packages/matplotlib/mpl-data/fonts/ttf/DejaVuSerif.ttf', name='DejaVu Serif', style='normal', variant='normal', weight=400, stretch='normal', size='scalable')) = 10.05
DEBUG:matplotlib.font_manager:findfont: score(FontEntry(fname='/opt/biimtools/mb_granuloma/venv/lib/python3.8/site-packages/matplotlib/mpl-data/fonts/ttf/STIXSizThreeSymBol.ttf', name='STIXSizeThreeSym', style='normal', variant='normal', weight=700, stretch='normal', size='scalable')) = 10.335
DEBUG:matplotlib.font_manager:findfont: score(FontEntry(fname='/opt/biimtools/mb_granuloma/venv/lib/python3.8/site-packages/matplotlib/mpl-data/fonts/ttf/DejaVuSansMono-Bold.ttf', name='DejaVu Sans Mono', style='normal', variant='normal', weight=700, stretch='normal', size='scalable')) = 10.335
DEBUG:matplotlib.font_manager:findfont: score(FontEntry(fname='/opt/biimtools/mb_granuloma/venv/lib/python3.8/site-packages/matplotlib/mpl-data/fonts/ttf/DejaVuSerif-Bold.ttf', name='DejaVu Serif', style='normal', variant='normal', weight=700, stretch='normal', size='scalable')) = 10.335
DEBUG:matplotlib.font_manager:findfont: score(FontEntry(fname='/opt/biimtools/mb_granuloma/venv/lib/python3.8/site-packages/matplotlib/mpl-data/fonts/ttf/cmex10.ttf', name='cmex10', style='normal', variant='normal', weight=400, stretch='normal', size='scalable')) = 10.05
DEBUG:matplotlib.font_manager:findfont: score(FontEntry(fname='/opt/biimtools/mb_granuloma/venv/lib/python3.8/site-packages/matplotlib/mpl-data/fonts/ttf/STIXNonUniBolIta.ttf', name='STIXNonUnicode', style='italic', variant='normal', weight=700, stretch='normal', size='scalable')) = 11.335
DEBUG:matplotlib.font_manager:findfont: score(FontEntry(fname='/opt/biimtools/mb_granuloma/venv/lib/python3.8/site-packages/matplotlib/mpl-data/fonts/ttf/DejaVuSansMono.ttf', name='DejaVu Sans Mono', style='normal', variant='normal', weight=400, stretch='normal', size='scalable')) = 10.05
DEBUG:matplotlib.font_manager:findfont: score(FontEntry(fname='/opt/biimtools/mb_granuloma/venv/lib/python3.8/site-packages/matplotlib/mpl-data/fonts/ttf/STIXNonUniIta.ttf', name='STIXNonUnicode', style='italic', variant='normal', weight=400, stretch='normal', size='scalable')) = 11.05
DEBUG:matplotlib.font_manager:findfont: score(FontEntry(fname='/opt/biimtools/mb_granuloma/venv/lib/python3.8/site-packages/matplotlib/mpl-data/fonts/ttf/STIXSizFourSymReg.ttf', name='STIXSizeFourSym', style='normal', variant='normal', weight=400, stretch='normal', size='scalable')) = 10.05
DEBUG:matplotlib.font_manager:findfont: score(FontEntry(fname='/usr/share/fonts/truetype/dejavu/DejaVuSansMono-Bold.ttf', name='DejaVu Sans Mono', style='normal', variant='normal', weight=700, stretch='normal', size='scalable')) = 10.335
DEBUG:matplotlib.font_manager:findfont: score(FontEntry(fname='/usr/share/fonts/truetype/dejavu/DejaVuSansMono.ttf', name='DejaVu Sans Mono', style='normal', variant='normal', weight=400, stretch='normal', size='scalable')) = 10.05
DEBUG:matplotlib.font_manager:findfont: score(FontEntry(fname='/usr/share/fonts/truetype/dejavu/DejaVuSerif.ttf', name='DejaVu Serif', style='normal', variant='normal', weight=400, stretch='normal', size='scalable')) = 10.05
DEBUG:matplotlib.font_manager:findfont: score(FontEntry(fname='/usr/share/fonts/truetype/dejavu/DejaVuSans.ttf', name='DejaVu Sans', style='normal', variant='normal', weight=400, stretch='normal', size='scalable')) = 4.05
DEBUG:matplotlib.font_manager:findfont: score(FontEntry(fname='/usr/share/fonts/truetype/dejavu/DejaVuSans-Bold.ttf', name='DejaVu Sans', style='normal', variant='normal', weight=700, stretch='normal', size='scalable')) = 4.335
DEBUG:matplotlib.font_manager:findfont: score(FontEntry(fname='/usr/share/fonts/truetype/dejavu/DejaVuSerif-Bold.ttf', name='DejaVu Serif', style='normal', variant='normal', weight=700, stretch='normal', size='scalable')) = 10.335
DEBUG:matplotlib.font_manager:findfont: Matching sans\-serif:style=normal:variant=normal:weight=normal:stretch=normal:size=14.0 to DejaVu Sans ('/opt/biimtools/mb_granuloma/venv/lib/python3.8/site-packages/matplotlib/mpl-data/fonts/ttf/DejaVuSans.ttf') with score of 4.050000.
DEBUG:matplotlib.colorbar:locator: <matplotlib.ticker.AutoLocator object at 0x7fd94e6cbf10>
Internal Server Error: /mb-granuloma/dataview1/api/plot_gene_image/
ERROR:django.request:Internal Server Error: /mb-granuloma/dataview1/api/plot_gene_image/
[2025-04-25 14:37:58 +0000] [704459] [INFO] Handling signal: term
[2025-04-25 14:37:59 +0000] [704479] [INFO] Worker exiting (pid: 704479)
[2025-04-25 14:37:59 +0000] [704478] [INFO] Worker exiting (pid: 704478)
[2025-04-25 14:37:59 +0000] [704459] [INFO] Shutting down: Master
[2025-04-25 14:37:59 +0000] [704755] [INFO] Starting gunicorn 23.0.0
[2025-04-25 14:37:59 +0000] [704755] [INFO] Listening at: http://127.0.0.1:8001 (704755)
[2025-04-25 14:37:59 +0000] [704755] [INFO] Using worker: gthread
[2025-04-25 14:37:59 +0000] [704773] [INFO] Booting worker with pid: 704773
[2025-04-25 14:37:59 +0000] [704774] [INFO] Booting worker with pid: 704774
DEBUG:matplotlib.pyplot:Loaded backend agg version v2.2.
DEBUG:h5py._conv:Creating converter from 3 to 5
loading...
CRITICAL:root:ajkdahj
DEBUG:matplotlib.font_manager:findfont: Matching sans\-serif:style=normal:variant=normal:weight=normal:stretch=normal:size=14.0.
DEBUG:matplotlib.font_manager:findfont: score(FontEntry(fname='/opt/biimtools/mb_granuloma/venv/lib/python3.8/site-packages/matplotlib/mpl-data/fonts/ttf/cmtt10.ttf', name='cmtt10', style='normal', variant='normal', weight=400, stretch='normal', size='scalable')) = 10.05
DEBUG:matplotlib.font_manager:findfont: score(FontEntry(fname='/opt/biimtools/mb_granuloma/venv/lib/python3.8/site-packages/matplotlib/mpl-data/fonts/ttf/STIXGeneralItalic.ttf', name='STIXGeneral', style='italic', variant='normal', weight=400, stretch='normal', size='scalable')) = 11.05
DEBUG:matplotlib.font_manager:findfont: score(FontEntry(fname='/opt/biimtools/mb_granuloma/venv/lib/python3.8/site-packages/matplotlib/mpl-data/fonts/ttf/DejaVuSans.ttf', name='DejaVu Sans', style='normal', variant='normal', weight=400, stretch='normal', size='scalable')) = 4.05
DEBUG:matplotlib.font_manager:findfont: score(FontEntry(fname='/opt/biimtools/mb_granuloma/venv/lib/python3.8/site-packages/matplotlib/mpl-data/fonts/ttf/DejaVuSans-Bold.ttf', name='DejaVu Sans', style='normal', variant='normal', weight=700, stretch='normal', size='scalable')) = 4.335
DEBUG:matplotlib.font_manager:findfont: score(FontEntry(fname='/opt/biimtools/mb_granuloma/venv/lib/python3.8/site-packages/matplotlib/mpl-data/fonts/ttf/STIXNonUniBol.ttf', name='STIXNonUnicode', style='normal', variant='normal', weight=700, stretch='normal', size='scalable')) = 10.335
DEBUG:matplotlib.font_manager:findfont: score(FontEntry(fname='/opt/biimtools/mb_granuloma/venv/lib/python3.8/site-packages/matplotlib/mpl-data/fonts/ttf/DejaVuSansDisplay.ttf', name='DejaVu Sans Display', style='normal', variant='normal', weight=400, stretch='normal', size='scalable')) = 10.05
DEBUG:matplotlib.font_manager:findfont: score(FontEntry(fname='/opt/biimtools/mb_granuloma/venv/lib/python3.8/site-packages/matplotlib/mpl-data/fonts/ttf/STIXSizTwoSymReg.ttf', name='STIXSizeTwoSym', style='normal', variant='normal', weight=400, stretch='normal', size='scalable')) = 10.05
DEBUG:matplotlib.font_manager:findfont: score(FontEntry(fname='/opt/biimtools/mb_granuloma/venv/lib/python3.8/site-packages/matplotlib/mpl-data/fonts/ttf/STIXNonUni.ttf', name='STIXNonUnicode', style='normal', variant='normal', weight=400, stretch='normal', size='scalable')) = 10.05
DEBUG:matplotlib.font_manager:findfont: score(FontEntry(fname='/opt/biimtools/mb_granuloma/venv/lib/python3.8/site-packages/matplotlib/mpl-data/fonts/ttf/cmb10.ttf', name='cmb10', style='normal', variant='normal', weight=400, stretch='normal', size='scalable')) = 10.05
DEBUG:matplotlib.font_manager:findfont: score(FontEntry(fname='/opt/biimtools/mb_granuloma/venv/lib/python3.8/site-packages/matplotlib/mpl-data/fonts/ttf/DejaVuSans-BoldOblique.ttf', name='DejaVu Sans', style='oblique', variant='normal', weight=700, stretch='normal', size='scalable')) = 5.335
DEBUG:matplotlib.font_manager:findfont: score(FontEntry(fname='/opt/biimtools/mb_granuloma/venv/lib/python3.8/site-packages/matplotlib/mpl-data/fonts/ttf/STIXSizFiveSymReg.ttf', name='STIXSizeFiveSym', style='normal', variant='normal', weight=400, stretch='normal', size='scalable')) = 10.05
DEBUG:matplotlib.font_manager:findfont: score(FontEntry(fname='/opt/biimtools/mb_granuloma/venv/lib/python3.8/site-packages/matplotlib/mpl-data/fonts/ttf/STIXSizOneSymBol.ttf', name='STIXSizeOneSym', style='normal', variant='normal', weight=700, stretch='normal', size='scalable')) = 10.335
DEBUG:matplotlib.font_manager:findfont: score(FontEntry(fname='/opt/biimtools/mb_granuloma/venv/lib/python3.8/site-packages/matplotlib/mpl-data/fonts/ttf/STIXSizTwoSymBol.ttf', name='STIXSizeTwoSym', style='normal', variant='normal', weight=700, stretch='normal', size='scalable')) = 10.335
DEBUG:matplotlib.font_manager:findfont: score(FontEntry(fname='/opt/biimtools/mb_granuloma/venv/lib/python3.8/site-packages/matplotlib/mpl-data/fonts/ttf/STIXSizThreeSymReg.ttf', name='STIXSizeThreeSym', style='normal', variant='normal', weight=400, stretch='normal', size='scalable')) = 10.05
DEBUG:matplotlib.font_manager:findfont: score(FontEntry(fname='/opt/biimtools/mb_granuloma/venv/lib/python3.8/site-packages/matplotlib/mpl-data/fonts/ttf/DejaVuSerifDisplay.ttf', name='DejaVu Serif Display', style='normal', variant='normal', weight=400, stretch='normal', size='scalable')) = 10.05
DEBUG:matplotlib.font_manager:findfont: score(FontEntry(fname='/opt/biimtools/mb_granuloma/venv/lib/python3.8/site-packages/matplotlib/mpl-data/fonts/ttf/DejaVuSerif-Italic.ttf', name='DejaVu Serif', style='italic', variant='normal', weight=400, stretch='normal', size='scalable')) = 11.05
DEBUG:matplotlib.font_manager:findfont: score(FontEntry(fname='/opt/biimtools/mb_granuloma/venv/lib/python3.8/site-packages/matplotlib/mpl-data/fonts/ttf/STIXGeneral.ttf', name='STIXGeneral', style='normal', variant='normal', weight=400, stretch='normal', size='scalable')) = 10.05
DEBUG:matplotlib.font_manager:findfont: score(FontEntry(fname='/opt/biimtools/mb_granuloma/venv/lib/python3.8/site-packages/matplotlib/mpl-data/fonts/ttf/cmmi10.ttf', name='cmmi10', style='normal', variant='normal', weight=400, stretch='normal', size='scalable')) = 10.05
DEBUG:matplotlib.font_manager:findfont: score(FontEntry(fname='/opt/biimtools/mb_granuloma/venv/lib/python3.8/site-packages/matplotlib/mpl-data/fonts/ttf/STIXGeneralBol.ttf', name='STIXGeneral', style='normal', variant='normal', weight=700, stretch='normal', size='scalable')) = 10.335
DEBUG:matplotlib.font_manager:findfont: score(FontEntry(fname='/opt/biimtools/mb_granuloma/venv/lib/python3.8/site-packages/matplotlib/mpl-data/fonts/ttf/cmr10.ttf', name='cmr10', style='normal', variant='normal', weight=400, stretch='normal', size='scalable')) = 10.05
DEBUG:matplotlib.font_manager:findfont: score(FontEntry(fname='/opt/biimtools/mb_granuloma/venv/lib/python3.8/site-packages/matplotlib/mpl-data/fonts/ttf/DejaVuSansMono-BoldOblique.ttf', name='DejaVu Sans Mono', style='oblique', variant='normal', weight=700, stretch='normal', size='scalable')) = 11.335
DEBUG:matplotlib.font_manager:findfont: score(FontEntry(fname='/opt/biimtools/mb_granuloma/venv/lib/python3.8/site-packages/matplotlib/mpl-data/fonts/ttf/cmsy10.ttf', name='cmsy10', style='normal', variant='normal', weight=400, stretch='normal', size='scalable')) = 10.05
DEBUG:matplotlib.font_manager:findfont: score(FontEntry(fname='/opt/biimtools/mb_granuloma/venv/lib/python3.8/site-packages/matplotlib/mpl-data/fonts/ttf/STIXSizFourSymBol.ttf', name='STIXSizeFourSym', style='normal', variant='normal', weight=700, stretch='normal', size='scalable')) = 10.335
DEBUG:matplotlib.font_manager:findfont: score(FontEntry(fname='/opt/biimtools/mb_granuloma/venv/lib/python3.8/site-packages/matplotlib/mpl-data/fonts/ttf/cmss10.ttf', name='cmss10', style='normal', variant='normal', weight=400, stretch='normal', size='scalable')) = 10.05
DEBUG:matplotlib.font_manager:findfont: score(FontEntry(fname='/opt/biimtools/mb_granuloma/venv/lib/python3.8/site-packages/matplotlib/mpl-data/fonts/ttf/DejaVuSans-Oblique.ttf', name='DejaVu Sans', style='oblique', variant='normal', weight=400, stretch='normal', size='scalable')) = 5.05
DEBUG:matplotlib.font_manager:findfont: score(FontEntry(fname='/opt/biimtools/mb_granuloma/venv/lib/python3.8/site-packages/matplotlib/mpl-data/fonts/ttf/STIXSizOneSymReg.ttf', name='STIXSizeOneSym', style='normal', variant='normal', weight=400, stretch='normal', size='scalable')) = 10.05
DEBUG:matplotlib.font_manager:findfont: score(FontEntry(fname='/opt/biimtools/mb_granuloma/venv/lib/python3.8/site-packages/matplotlib/mpl-data/fonts/ttf/DejaVuSansMono-Oblique.ttf', name='DejaVu Sans Mono', style='oblique', variant='normal', weight=400, stretch='normal', size='scalable')) = 11.05
DEBUG:matplotlib.font_manager:findfont: score(FontEntry(fname='/opt/biimtools/mb_granuloma/venv/lib/python3.8/site-packages/matplotlib/mpl-data/fonts/ttf/DejaVuSerif-BoldItalic.ttf', name='DejaVu Serif', style='italic', variant='normal', weight=700, stretch='normal', size='scalable')) = 11.335
DEBUG:matplotlib.font_manager:findfont: score(FontEntry(fname='/opt/biimtools/mb_granuloma/venv/lib/python3.8/site-packages/matplotlib/mpl-data/fonts/ttf/STIXGeneralBolIta.ttf', name='STIXGeneral', style='italic', variant='normal', weight=700, stretch='normal', size='scalable')) = 11.335
DEBUG:matplotlib.font_manager:findfont: score(FontEntry(fname='/opt/biimtools/mb_granuloma/venv/lib/python3.8/site-packages/matplotlib/mpl-data/fonts/ttf/DejaVuSerif.ttf', name='DejaVu Serif', style='normal', variant='normal', weight=400, stretch='normal', size='scalable')) = 10.05
DEBUG:matplotlib.font_manager:findfont: score(FontEntry(fname='/opt/biimtools/mb_granuloma/venv/lib/python3.8/site-packages/matplotlib/mpl-data/fonts/ttf/STIXSizThreeSymBol.ttf', name='STIXSizeThreeSym', style='normal', variant='normal', weight=700, stretch='normal', size='scalable')) = 10.335
DEBUG:matplotlib.font_manager:findfont: score(FontEntry(fname='/opt/biimtools/mb_granuloma/venv/lib/python3.8/site-packages/matplotlib/mpl-data/fonts/ttf/DejaVuSansMono-Bold.ttf', name='DejaVu Sans Mono', style='normal', variant='normal', weight=700, stretch='normal', size='scalable')) = 10.335
DEBUG:matplotlib.font_manager:findfont: score(FontEntry(fname='/opt/biimtools/mb_granuloma/venv/lib/python3.8/site-packages/matplotlib/mpl-data/fonts/ttf/DejaVuSerif-Bold.ttf', name='DejaVu Serif', style='normal', variant='normal', weight=700, stretch='normal', size='scalable')) = 10.335
DEBUG:matplotlib.font_manager:findfont: score(FontEntry(fname='/opt/biimtools/mb_granuloma/venv/lib/python3.8/site-packages/matplotlib/mpl-data/fonts/ttf/cmex10.ttf', name='cmex10', style='normal', variant='normal', weight=400, stretch='normal', size='scalable')) = 10.05
DEBUG:matplotlib.font_manager:findfont: score(FontEntry(fname='/opt/biimtools/mb_granuloma/venv/lib/python3.8/site-packages/matplotlib/mpl-data/fonts/ttf/STIXNonUniBolIta.ttf', name='STIXNonUnicode', style='italic', variant='normal', weight=700, stretch='normal', size='scalable')) = 11.335
DEBUG:matplotlib.font_manager:findfont: score(FontEntry(fname='/opt/biimtools/mb_granuloma/venv/lib/python3.8/site-packages/matplotlib/mpl-data/fonts/ttf/DejaVuSansMono.ttf', name='DejaVu Sans Mono', style='normal', variant='normal', weight=400, stretch='normal', size='scalable')) = 10.05
DEBUG:matplotlib.font_manager:findfont: score(FontEntry(fname='/opt/biimtools/mb_granuloma/venv/lib/python3.8/site-packages/matplotlib/mpl-data/fonts/ttf/STIXNonUniIta.ttf', name='STIXNonUnicode', style='italic', variant='normal', weight=400, stretch='normal', size='scalable')) = 11.05
DEBUG:matplotlib.font_manager:findfont: score(FontEntry(fname='/opt/biimtools/mb_granuloma/venv/lib/python3.8/site-packages/matplotlib/mpl-data/fonts/ttf/STIXSizFourSymReg.ttf', name='STIXSizeFourSym', style='normal', variant='normal', weight=400, stretch='normal', size='scalable')) = 10.05
DEBUG:matplotlib.font_manager:findfont: score(FontEntry(fname='/usr/share/fonts/truetype/dejavu/DejaVuSansMono-Bold.ttf', name='DejaVu Sans Mono', style='normal', variant='normal', weight=700, stretch='normal', size='scalable')) = 10.335
DEBUG:matplotlib.font_manager:findfont: score(FontEntry(fname='/usr/share/fonts/truetype/dejavu/DejaVuSansMono.ttf', name='DejaVu Sans Mono', style='normal', variant='normal', weight=400, stretch='normal', size='scalable')) = 10.05
DEBUG:matplotlib.font_manager:findfont: score(FontEntry(fname='/usr/share/fonts/truetype/dejavu/DejaVuSerif.ttf', name='DejaVu Serif', style='normal', variant='normal', weight=400, stretch='normal', size='scalable')) = 10.05
DEBUG:matplotlib.font_manager:findfont: score(FontEntry(fname='/usr/share/fonts/truetype/dejavu/DejaVuSans.ttf', name='DejaVu Sans', style='normal', variant='normal', weight=400, stretch='normal', size='scalable')) = 4.05
DEBUG:matplotlib.font_manager:findfont: score(FontEntry(fname='/usr/share/fonts/truetype/dejavu/DejaVuSans-Bold.ttf', name='DejaVu Sans', style='normal', variant='normal', weight=700, stretch='normal', size='scalable')) = 4.335
DEBUG:matplotlib.font_manager:findfont: score(FontEntry(fname='/usr/share/fonts/truetype/dejavu/DejaVuSerif-Bold.ttf', name='DejaVu Serif', style='normal', variant='normal', weight=700, stretch='normal', size='scalable')) = 10.335
DEBUG:matplotlib.font_manager:findfont: Matching sans\-serif:style=normal:variant=normal:weight=normal:stretch=normal:size=14.0 to DejaVu Sans ('/opt/biimtools/mb_granuloma/venv/lib/python3.8/site-packages/matplotlib/mpl-data/fonts/ttf/DejaVuSans.ttf') with score of 4.050000.
DEBUG:matplotlib.colorbar:locator: <matplotlib.ticker.AutoLocator object at 0x7feb9b7719a0>
CRITICAL:root:jadsklfjsd
loading...
CRITICAL:root:ajkdahj
DEBUG:matplotlib.colorbar:locator: <matplotlib.ticker.AutoLocator object at 0x7feb9bb646d0>
CRITICAL:root:jadsklfjsd
loading...
CRITICAL:root:ajkdahj
DEBUG:matplotlib.colorbar:locator: <matplotlib.ticker.AutoLocator object at 0x7feb9b86e610>
CRITICAL:root:jadsklfjsd
